<?xml version="1.0" encoding="UTF-8"?>
<testng-results skipped="0" failed="0" total="2" passed="2">
  <reporter-output>
  </reporter-output>
  <suite name="NewToursLogIn" duration-ms="37590" started-at="2018-05-11T12:44:24Z" finished-at="2018-05-11T12:45:01Z">
    <groups>
    </groups>
    <test name="onChrome" duration-ms="25801" started-at="2018-05-11T12:44:24Z" finished-at="2018-05-11T12:44:50Z">
      <class name="com.Grid.NewToursLogInTest">
        <test-method status="PASS" signature="LogIN(java.lang.String)[pri:0, instance:com.Grid.NewToursLogInTest@1c7cbad]" name="LogIN" duration-ms="25773" started-at="2018-05-11T07:44:24Z" finished-at="2018-05-11T07:44:50Z">
          <params>
            <param index="0">
              <value>
                <![CDATA[chrome]]>
              </value>
            </param>
          </params>
          <reporter-output>
          </reporter-output>
        </test-method> <!-- LogIN -->
      </class> <!-- com.Grid.NewToursLogInTest -->
    </test> <!-- onChrome -->
    <test name="OnFirefox" duration-ms="37590" started-at="2018-05-11T12:44:24Z" finished-at="2018-05-11T12:45:01Z">
      <class name="com.Grid.NewToursLogInTest">
        <test-method status="PASS" signature="LogIN(java.lang.String)[pri:0, instance:com.Grid.NewToursLogInTest@8b7f67]" name="LogIN" duration-ms="37564" started-at="2018-05-11T07:44:24Z" finished-at="2018-05-11T07:45:01Z">
          <params>
            <param index="0">
              <value>
                <![CDATA[firefox]]>
              </value>
            </param>
          </params>
          <reporter-output>
          </reporter-output>
        </test-method> <!-- LogIN -->
      </class> <!-- com.Grid.NewToursLogInTest -->
    </test> <!-- OnFirefox -->
  </suite> <!-- NewToursLogIn -->
</testng-results>
