<?xml version="1.0" encoding="UTF-8"?>
<testng-results skipped="0" failed="0" total="4" passed="4">
  <reporter-output>
    <line>
      <![CDATA[NewTours LogIn Successfull]]>
    </line>
    <line>
      <![CDATA[NewTours LogIn Successfull]]>
    </line>
    <line>
      <![CDATA[NewTours LogIn Successfull]]>
    </line>
    <line>
      <![CDATA[NewTours LogIn Successfull]]>
    </line>
  </reporter-output>
  <suite name="NewToursRegistration" duration-ms="24123" started-at="2018-05-08T19:29:28Z" finished-at="2018-05-08T19:29:52Z">
    <groups>
    </groups>
    <test name="DataDrivenexcelData" duration-ms="24123" started-at="2018-05-08T19:29:28Z" finished-at="2018-05-08T19:29:52Z">
      <class name="com.DataDrivenExcelData.UserRegistration_ExcelData">
        <test-method status="PASS" signature="Register()[pri:1, instance:com.DataDrivenExcelData.UserRegistration_ExcelData@f4468b]" name="Register" duration-ms="272" started-at="2018-05-08T14:29:38Z" finished-at="2018-05-08T14:29:39Z">
          <reporter-output>
          </reporter-output>
        </test-method> <!-- Register -->
        <test-method status="PASS" signature="UserRegister()[pri:2, instance:com.DataDrivenExcelData.UserRegistration_ExcelData@f4468b]" name="UserRegister" duration-ms="10796" started-at="2018-05-08T14:29:39Z" finished-at="2018-05-08T14:29:50Z">
          <reporter-output>
            <line>
              <![CDATA[NewTours LogIn Successfull]]>
            </line>
            <line>
              <![CDATA[NewTours LogIn Successfull]]>
            </line>
            <line>
              <![CDATA[NewTours LogIn Successfull]]>
            </line>
            <line>
              <![CDATA[NewTours LogIn Successfull]]>
            </line>
          </reporter-output>
        </test-method> <!-- UserRegister -->
      </class> <!-- com.DataDrivenExcelData.UserRegistration_ExcelData -->
      <class name="com.DataDrivenExcelData.UserRegistration">
        <test-method status="PASS" signature="setup()[pri:0, instance:com.DataDrivenExcelData.UserRegistration@c4c815]" name="setup" is-config="true" duration-ms="5801" started-at="2018-05-08T14:29:28Z" finished-at="2018-05-08T14:29:34Z">
          <reporter-output>
          </reporter-output>
        </test-method> <!-- setup -->
        <test-method status="PASS" signature="setup()[pri:0, instance:com.DataDrivenExcelData.UserRegistration_ExcelData@f4468b]" name="setup" is-config="true" duration-ms="4408" started-at="2018-05-08T14:29:34Z" finished-at="2018-05-08T14:29:38Z">
          <reporter-output>
          </reporter-output>
        </test-method> <!-- setup -->
        <test-method status="PASS" signature="Register()[pri:1, instance:com.DataDrivenExcelData.UserRegistration@c4c815]" name="Register" duration-ms="308" started-at="2018-05-08T14:29:50Z" finished-at="2018-05-08T14:29:50Z">
          <reporter-output>
          </reporter-output>
        </test-method> <!-- Register -->
        <test-method status="PASS" signature="UserRegistration()[pri:2, instance:com.DataDrivenExcelData.UserRegistration@c4c815]" name="UserRegistration" duration-ms="2494" started-at="2018-05-08T14:29:50Z" finished-at="2018-05-08T14:29:52Z">
          <reporter-output>
          </reporter-output>
        </test-method> <!-- UserRegistration -->
        <test-method status="PASS" signature="tearDown()[pri:0, instance:com.DataDrivenExcelData.UserRegistration@c4c815]" name="tearDown" is-config="true" duration-ms="8" started-at="2018-05-08T14:29:52Z" finished-at="2018-05-08T14:29:52Z">
          <reporter-output>
          </reporter-output>
        </test-method> <!-- tearDown -->
        <test-method status="PASS" signature="Teardown()[pri:0, instance:com.DataDrivenExcelData.UserRegistration_ExcelData@f4468b]" name="Teardown" is-config="true" duration-ms="8" started-at="2018-05-08T14:29:52Z" finished-at="2018-05-08T14:29:52Z">
          <reporter-output>
          </reporter-output>
        </test-method> <!-- Teardown -->
      </class> <!-- com.DataDrivenExcelData.UserRegistration -->
    </test> <!-- DataDrivenexcelData -->
  </suite> <!-- NewToursRegistration -->
</testng-results>
