<?xml version="1.0" encoding="UTF-8"?>
<!-- Generated by org.testng.reporters.JUnitXMLReporter -->
<testsuite hostname="NEETHAY-PC" name="Test" tests="4" failures="0" timestamp="8 May 2018 04:25:54 GMT" time="26.311" errors="0">
  <testcase name="Register" time="0.28" classname="com.DataDriven.NewUserRegistration_ExcelTestData"/>
  <testcase name="UserRegistration" time="8.929" classname="com.DataDriven.NewUserRegistration_ExcelTestData"/>
  <testcase name="Register" time="0.367" classname="com.DataDriven.NewUserRegistration"/>
  <testcase name="UserRegistration" time="2.698" classname="com.DataDriven.NewUserRegistration"/>
</testsuite> <!-- Test -->
