<?xml version="1.0" encoding="UTF-8"?>
<!-- Generated by org.testng.reporters.JUnitXMLReporter -->
<testsuite hostname="NEETHAY-PC" name="DataDrivenexcelData" tests="4" failures="0" timestamp="8 May 2018 19:29:52 GMT" time="24.123" errors="0">
  <testcase name="Register" time="0.272" classname="com.DataDrivenExcelData.UserRegistration_ExcelData"/>
  <testcase name="UserRegister" time="10.796" classname="com.DataDrivenExcelData.UserRegistration_ExcelData"/>
  <testcase name="Register" time="0.308" classname="com.DataDrivenExcelData.UserRegistration"/>
  <testcase name="UserRegistration" time="2.494" classname="com.DataDrivenExcelData.UserRegistration"/>
</testsuite> <!-- DataDrivenexcelData -->
